2017-05-10 17:03:11 [main] INFO  ru.spb.trak.gsi.Application - Wonderfukk! We started at least!!!
2017-05-10 17:03:11 [main] INFO  ru.spb.trak.gsi.Query - Conection info: TEST
2017-05-10 17:04:40 [main] ERROR ru.spb.trak.gsi.Query - QUERY ERROR! File: [xmls2\PODS_GEO_XXX.xml] Type: select Table:[EXTERNAL_COATING] Query [SELECT ID хдемрхтхйюрнп_назейрю, (select description from PODS.COATING_TYPE_SCL where
                    TYPE_SCL=code) рхо_онйпшрхъ, (select description from PODS.COATING_MATERIAL_GCL where
                    COATING_MATERIAL_GCL=code) йнмярпсйжхъ_онйпшрхъ, (select description from
                    PODS.COATING_MANUFACTURER_GCL where COATING_MANUFACTURER_GCL=code) йнлоюмхъ_хгцнрнбхрекэ,
                    PRODUCT_NAME мюхлем_онйпшрхъ, (select description from PODS.COATING_APPLICATOR_GCL where
                    COATING_APPLICATOR_GCL=code) йнло_ондп_он_мюмея_онйп, (select description from
                    PODS.WHERE_COATING_APPLIED_GCL where WHERE_COATING_APPLIED_GCL=code) сякнбхъ_мюмеяемхъ_онйп,
                    DATE_APPLIED дюрю_мюмеяемхъ, DESCRIPTION нохяюмхе, (select description from PODS.source_gcl where
                    source_gcl=code) хярнвмхй_дюммшу, COMMENTS йнллемрюпхх,ID, EVENT_ID, EVENT_GUID, TYPE_SCL,
                    SUBTYPE_SCL, COATING_MATERIAL_GCL, COATING_MANUFACTURER_GCL, PRODUCT_NAME, COATING_APPLICATOR_GCL,
                    WHERE_COATING_APPLIED_GCL, DATE_APPLIED, DESCRIPTION, SOURCE_GCL, "comments" FROM(SELECT
                    coalesce((ID)::text , 'мехгбеярмн') ID, coalesce((EVENT_ID)::text , 'мехгбеярмн') EVENT_ID,
                    coalesce((EVENT_GUID)::text , 'мехгбеярмн') EVENT_GUID, coalesce((TYPE_SCL)::text , 'мехгбеярмн')
                    TYPE_SCL, coalesce((SUBTYPE_SCL)::text , 'мехгбеярмн') SUBTYPE_SCL,
                    coalesce((COATING_MATERIAL_GCL)::text , 'мехгбеярмн') COATING_MATERIAL_GCL,
                    coalesce((COATING_MANUFACTURER_GCL)::text , 'мехгбеярмн') COATING_MANUFACTURER_GCL,
                    coalesce((PRODUCT_NAME)::text , 'мехгбеярмн') PRODUCT_NAME, coalesce((COATING_APPLICATOR_GCL)::text
                    , 'мехгбеярмн') COATING_APPLICATOR_GCL, coalesce((WHERE_COATING_APPLIED_GCL)::text , 'мехгбеярмн')
                    WHERE_COATING_APPLIED_GCL, coalesce((DATE_APPLIED)::text , 'мехгбеярмн') DATE_APPLIED,
                    coalesce((DESCRIPTION)::text , 'мехгбеярмн') DESCRIPTION, coalesce((SOURCE_GCL)::text ,
                    'мехгбеярмн') SOURCE_GCL, coalesce((COMMENTS)::text , 'мехгбеярмн') "comments" FROM (SELECT EVENT_ID
                    ID, t.* FROM PODS.EXTERNAL_COATING t) d WHERE 1=1) dd
                
            ]; Error:[ньхайю: ОНДГЮОПНЯ Б БШПЮФЕМХХ БЕПМСК АНКЭЬЕ НДМНИ ЯРПНЙХ]
2017-05-10 17:04:44 [main] INFO  ru.spb.trak.gsi.Application - Lol, I came.
